Using pre-set license
Built from '2021.3/staging' branch; Version is '2021.3.15f1 (e8e88683f834) revision 15263878'; Using compiler version '192829333'; Build Type 'Release'
OS: 'Windows 11  (10.0.22621) 64bit Professional' Language: 'ru' Physical Memory: 16326 MB
BatchMode: 1, IsHumanControllingUs: 0, StartBugReporterOnCrash: 0, Is64bit: 1, IsPro: 1

COMMAND LINE ARGUMENTS:
D:\GameDEV\UNITY\2021.3.15f1\Editor\Unity.exe
-adb2
-batchMode
-noUpm
-name
AssetImportWorker0
-projectPath
D:/GameDEV/PROJECT/Git/Tank0.1URP
-logFile
Logs/AssetImportWorker0.log
-srvPort
50446
Successfully changed project path to: D:/GameDEV/PROJECT/Git/Tank0.1URP
D:/GameDEV/PROJECT/Git/Tank0.1URP
[UnityMemory] Configuration Parameters - Can be set up in boot.config
    "memorysetup-bucket-allocator-granularity=16"
    "memorysetup-bucket-allocator-bucket-count=8"
    "memorysetup-bucket-allocator-block-size=33554432"
    "memorysetup-bucket-allocator-block-count=8"
    "memorysetup-main-allocator-block-size=16777216"
    "memorysetup-thread-allocator-block-size=16777216"
    "memorysetup-gfx-main-allocator-block-size=16777216"
    "memorysetup-gfx-thread-allocator-block-size=16777216"
    "memorysetup-cache-allocator-block-size=4194304"
    "memorysetup-typetree-allocator-block-size=2097152"
    "memorysetup-profiler-bucket-allocator-granularity=16"
    "memorysetup-profiler-bucket-allocator-bucket-count=8"
    "memorysetup-profiler-bucket-allocator-block-size=33554432"
    "memorysetup-profiler-bucket-allocator-block-count=8"
    "memorysetup-profiler-allocator-block-size=16777216"
    "memorysetup-profiler-editor-allocator-block-size=1048576"
    "memorysetup-temp-allocator-size-main=16777216"
    "memorysetup-job-temp-allocator-block-size=2097152"
    "memorysetup-job-temp-allocator-block-size-background=1048576"
    "memorysetup-job-temp-allocator-reduction-small-platforms=262144"
    "memorysetup-temp-allocator-size-background-worker=32768"
    "memorysetup-temp-allocator-size-job-worker=262144"
    "memorysetup-temp-allocator-size-preload-manager=33554432"
    "memorysetup-temp-allocator-size-nav-mesh-worker=65536"
    "memorysetup-temp-allocator-size-audio-worker=65536"
    "memorysetup-temp-allocator-size-cloud-worker=32768"
    "memorysetup-temp-allocator-size-gi-baking-worker=262144"
    "memorysetup-temp-allocator-size-gfx=262144"
Player connection [9872] Host "[IP] 192.168.0.155 [Port] 0 [Flags] 2 [Guid] 3508540267 [EditorId] 3508540267 [Version] 1048832 [Id] WindowsEditor(7,LegionPC) [Debug] 1 [PackageName] WindowsEditor [ProjectName] Editor" joined multi-casting on [225.0.0.222:54997]...

Player connection [9872] Host "[IP] 192.168.0.155 [Port] 0 [Flags] 2 [Guid] 3508540267 [EditorId] 3508540267 [Version] 1048832 [Id] WindowsEditor(7,LegionPC) [Debug] 1 [PackageName] WindowsEditor [ProjectName] Editor" joined alternative multi-casting on [225.0.0.222:34997]...

Refreshing native plugins compatible for Editor in 66.97 ms, found 2 plugins.
Preloading 0 native plugins for Editor in 0.00 ms.
Initialize engine version: 2021.3.15f1 (e8e88683f834)
[Subsystems] Discovering subsystems at path D:/GameDEV/UNITY/2021.3.15f1/Editor/Data/Resources/UnitySubsystems
[Subsystems] Discovering subsystems at path D:/GameDEV/PROJECT/Git/Tank0.1URP/Assets
GfxDevice: creating device client; threaded=0; jobified=0
Direct3D:
    Version:  Direct3D 11.0 [level 11.1]
    Renderer: NVIDIA GeForce GTX 1650 (ID=0x1f0a)
    Vendor:   NVIDIA
    VRAM:     3948 MB
    Driver:   31.0.15.2802
Shader 'WFX/Transparent Diffuse': fallback shader 'Particles/Alpha Blended' not found
Shader 'WFX/Transparent Specular': fallback shader 'Particles/Alpha Blended' not found
Initialize mono
Mono path[0] = 'D:/GameDEV/UNITY/2021.3.15f1/Editor/Data/Managed'
Mono path[1] = 'D:/GameDEV/UNITY/2021.3.15f1/Editor/Data/MonoBleedingEdge/lib/mono/unityjit-win32'
Mono config path = 'D:/GameDEV/UNITY/2021.3.15f1/Editor/Data/MonoBleedingEdge/etc'
Using monoOptions --debugger-agent=transport=dt_socket,embedding=1,server=y,suspend=n,address=127.0.0.1:56700
Begin MonoManager ReloadAssembly
Registering precompiled unity dll's ...
Register platform support module: D:/GameDEV/UNITY/2021.3.15f1/Editor/Data/PlaybackEngines/WebGLSupport/UnityEditor.WebGL.Extensions.dll
Register platform support module: D:/GameDEV/UNITY/2021.3.15f1/Editor/Data/PlaybackEngines/WindowsStandaloneSupport/UnityEditor.WindowsStandalone.Extensions.dll
Registered in 0.001668 seconds.
Native extension for WindowsStandalone target not found
Native extension for WebGL target not found
Refreshing native plugins compatible for Editor in 69.09 ms, found 2 plugins.
Preloading 0 native plugins for Editor in 0.00 ms.
Mono: successfully reloaded assembly
- Completed reload, in  0.583 seconds
Domain Reload Profiling:
	ReloadAssembly (584ms)
		BeginReloadAssembly (55ms)
			ExecutionOrderSort (0ms)
			DisableScriptedObjects (0ms)
			BackupInstance (0ms)
			ReleaseScriptingObjects (0ms)
			CreateAndSetChildDomain (1ms)
		EndReloadAssembly (433ms)
			LoadAssemblies (55ms)
			RebuildTransferFunctionScriptingTraits (0ms)
			SetupTypeCache (103ms)
			ReleaseScriptCaches (0ms)
			RebuildScriptCaches (42ms)
			SetupLoadedEditorAssemblies (242ms)
				LogAssemblyErrors (0ms)
				InitializePlatformSupportModulesInManaged (7ms)
				SetLoadedEditorAssemblies (0ms)
				RefreshPlugins (69ms)
				BeforeProcessingInitializeOnLoad (1ms)
				ProcessInitializeOnLoadAttributes (120ms)
				ProcessInitializeOnLoadMethodAttributes (44ms)
				AfterProcessingInitializeOnLoad (0ms)
				EditorAssembliesLoaded (0ms)
			ExecutionOrderSort2 (0ms)
			AwakeInstancesAfterBackupRestoration (0ms)
Platform modules already initialized, skipping
Registering precompiled user dll's ...
Registered in 0.002105 seconds.
Begin MonoManager ReloadAssembly
Native extension for WindowsStandalone target not found
Native extension for WebGL target not found
Refreshing native plugins compatible for Editor in 68.81 ms, found 2 plugins.
Preloading 0 native plugins for Editor in 0.00 ms.
Mono: successfully reloaded assembly
- Completed reload, in  1.066 seconds
Domain Reload Profiling:
	ReloadAssembly (1067ms)
		BeginReloadAssembly (116ms)
			ExecutionOrderSort (0ms)
			DisableScriptedObjects (6ms)
			BackupInstance (0ms)
			ReleaseScriptingObjects (0ms)
			CreateAndSetChildDomain (17ms)
		EndReloadAssembly (860ms)
			LoadAssemblies (60ms)
			RebuildTransferFunctionScriptingTraits (0ms)
			SetupTypeCache (223ms)
			ReleaseScriptCaches (1ms)
			RebuildScriptCaches (54ms)
			SetupLoadedEditorAssemblies (479ms)
				LogAssemblyErrors (0ms)
				InitializePlatformSupportModulesInManaged (10ms)
				SetLoadedEditorAssemblies (0ms)
				RefreshPlugins (69ms)
				BeforeProcessingInitializeOnLoad (76ms)
				ProcessInitializeOnLoadAttributes (234ms)
				ProcessInitializeOnLoadMethodAttributes (87ms)
				AfterProcessingInitializeOnLoad (2ms)
				EditorAssembliesLoaded (0ms)
			ExecutionOrderSort2 (0ms)
			AwakeInstancesAfterBackupRestoration (5ms)
Platform modules already initialized, skipping
========================================================================
Worker process is ready to serve import requests
Shader 'WFX/Transparent Specular': fallback shader 'Particles/Alpha Blended' not found
Shader 'WFX/Transparent Diffuse': fallback shader 'Particles/Alpha Blended' not found
Launched and connected shader compiler UnityShaderCompiler.exe after 0.03 seconds
Refreshing native plugins compatible for Editor in 0.83 ms, found 2 plugins.
Preloading 0 native plugins for Editor in 0.00 ms.
Unloading 3758 Unused Serialized files (Serialized files now loaded: 0)
Unloading 32 unused Assets / (0.7 MB). Loaded Objects now: 4225.
Memory consumption went from 174.8 MB to 174.1 MB.
Total: 3.448400 ms (FindLiveObjects: 0.277600 ms CreateObjectMapping: 0.203900 ms MarkObjects: 2.703300 ms  DeleteObjects: 0.262900 ms)

AssetImportParameters requested are different than current active one (requested -> active):
  custom:video-decoder-ogg-theora: a1e56fd34408186e4bbccfd4996cb3dc -> 
  custom:container-muxer-webm: aa71ff27fc2769a1b78a27578f13a17b -> 
  custom:container-demuxer-webm: 4f35f7cbe854078d1ac9338744f61a02 -> 
  custom:video-encoder-webm-vp8: eb34c28f22e8b96e1ab97ce403110664 -> 
  custom:video-codec-MediaFoundation-h265: 746d11721c4dcdbdad8f713fa42b33f4 -> 
  custom:audio-encoder-webm-vorbis: bf7c407c2cedff20999df2af8eb42d56 -> 
  custom:framework-win-MediaFoundation: 216162199b28c13a410421893ffa2e32 -> 
  custom:container-demuxer-ogg: 62fdf1f143b41e24485cea50d1cbac27 -> 
  custom:video-decoder-webm-vp8: 9c59270c3fd7afecdb556c50c9e8de78 -> 
  custom:audio-decoder-ogg-vorbis: bf7c407c2cedff20999df2af8eb42d56 -> 
========================================================================
Received Import Request.
  Time since last request: 27336.843595 seconds.
  path: Assets/Scenes/StartScreen.unity
  artifactKey: Guid(a05f1f5fda0da7f48bba08c166cdfc80) Importer(815301076,1909f56bfc062723c751e8b465ee728b)
Start importing Assets/Scenes/StartScreen.unity using Guid(a05f1f5fda0da7f48bba08c166cdfc80) Importer(815301076,1909f56bfc062723c751e8b465ee728b)  -> (artifact id: 'd0a79cdc13f8db3b24680d88999e20c8') in 0.006773 seconds 
========================================================================
Received Import Request.
  Time since last request: 581.260753 seconds.
  path: Assets/TankConstructor/Images/MapTiles/A.asset
  artifactKey: Guid(fb66dbc683a75d142a58a8d15a7c63a5) Importer(815301076,1909f56bfc062723c751e8b465ee728b)
Start importing Assets/TankConstructor/Images/MapTiles/A.asset using Guid(fb66dbc683a75d142a58a8d15a7c63a5) Importer(815301076,1909f56bfc062723c751e8b465ee728b)  -> (artifact id: 'b1f55a87acac3a7f60e0876267e5e437') in 0.030512 seconds 
========================================================================
Received Import Request.
  Time since last request: 0.000016 seconds.
  path: Assets/TankConstructor/Images/MapTiles/B.asset
  artifactKey: Guid(63c0b404ba1b0a84f946c91f7055219a) Importer(815301076,1909f56bfc062723c751e8b465ee728b)
Start importing Assets/TankConstructor/Images/MapTiles/B.asset using Guid(63c0b404ba1b0a84f946c91f7055219a) Importer(815301076,1909f56bfc062723c751e8b465ee728b)  -> (artifact id: 'ba6859c8ff875cf9743efda4077cc77d') in 0.003923 seconds 
========================================================================
Received Import Request.
  Time since last request: 4.450414 seconds.
  path: Assets/TankConstructor/Images/MapTiles/C.asset
  artifactKey: Guid(6fc8758d7fdae624cb7c20050b535196) Importer(815301076,1909f56bfc062723c751e8b465ee728b)
Start importing Assets/TankConstructor/Images/MapTiles/C.asset using Guid(6fc8758d7fdae624cb7c20050b535196) Importer(815301076,1909f56bfc062723c751e8b465ee728b)  -> (artifact id: 'fe62fe0b9f36d629dd86ef94c920115a') in 0.003868 seconds 
========================================================================
Received Import Request.
  Time since last request: 0.312640 seconds.
  path: Assets/TankConstructor/Images/MapTiles/D.asset
  artifactKey: Guid(f4932e2d354e2f7469e78632c1386386) Importer(815301076,1909f56bfc062723c751e8b465ee728b)
Start importing Assets/TankConstructor/Images/MapTiles/D.asset using Guid(f4932e2d354e2f7469e78632c1386386) Importer(815301076,1909f56bfc062723c751e8b465ee728b)  -> (artifact id: '7492c5a0b527083a77da7007d8e15353') in 0.004456 seconds 
========================================================================
Received Import Request.
  Time since last request: 0.000016 seconds.
  path: Assets/TankConstructor/Images/MapTiles/E.asset
  artifactKey: Guid(76c04268f9258e84aa2f1a36b6fa12c8) Importer(815301076,1909f56bfc062723c751e8b465ee728b)
Start importing Assets/TankConstructor/Images/MapTiles/E.asset using Guid(76c04268f9258e84aa2f1a36b6fa12c8) Importer(815301076,1909f56bfc062723c751e8b465ee728b)  -> (artifact id: 'c0d0cfccaeecbf0d738d55c261d1e143') in 0.005215 seconds 
========================================================================
Received Import Request.
  Time since last request: 0.058566 seconds.
  path: Assets/TankConstructor/Images/MapTiles/F.asset
  artifactKey: Guid(b06dea4e6deb16a419064323286f5fd1) Importer(815301076,1909f56bfc062723c751e8b465ee728b)
Start importing Assets/TankConstructor/Images/MapTiles/F.asset using Guid(b06dea4e6deb16a419064323286f5fd1) Importer(815301076,1909f56bfc062723c751e8b465ee728b)  -> (artifact id: 'd100eef3dd2809795b051aff426db60e') in 0.004230 seconds 
========================================================================
Received Import Request.
  Time since last request: 0.000017 seconds.
  path: Assets/TankConstructor/Images/MapTiles/H.asset
  artifactKey: Guid(f4b1e56c144aebd418c12667214eec3f) Importer(815301076,1909f56bfc062723c751e8b465ee728b)
Start importing Assets/TankConstructor/Images/MapTiles/H.asset using Guid(f4b1e56c144aebd418c12667214eec3f) Importer(815301076,1909f56bfc062723c751e8b465ee728b)  -> (artifact id: 'e75283160a5fd61ca3a803928c9cacb5') in 0.004207 seconds 
========================================================================
Received Import Request.
  Time since last request: 0.000015 seconds.
  path: Assets/TankConstructor/Images/MapTiles/K.asset
  artifactKey: Guid(1e00b34e66e3b11459042989b1211202) Importer(815301076,1909f56bfc062723c751e8b465ee728b)
Start importing Assets/TankConstructor/Images/MapTiles/K.asset using Guid(1e00b34e66e3b11459042989b1211202) Importer(815301076,1909f56bfc062723c751e8b465ee728b)  -> (artifact id: '56966c75beaadf383bd7839e8aee4097') in 0.003435 seconds 
========================================================================
Received Import Request.
  Time since last request: 0.000021 seconds.
  path: Assets/TankConstructor/Images/MapTiles/G.asset
  artifactKey: Guid(096630c52f6546d438ff0e1b8405222c) Importer(815301076,1909f56bfc062723c751e8b465ee728b)
Start importing Assets/TankConstructor/Images/MapTiles/G.asset using Guid(096630c52f6546d438ff0e1b8405222c) Importer(815301076,1909f56bfc062723c751e8b465ee728b)  -> (artifact id: '45895cbffceaf1a9b7d819e72bcb90a3') in 0.003763 seconds 
========================================================================
Received Import Request.
  Time since last request: 32.603384 seconds.
  path: Assets/Tiles/Tailset_40.asset
  artifactKey: Guid(2a5a08cb9a2b9a142ae7432d69ab97b7) Importer(815301076,1909f56bfc062723c751e8b465ee728b)
Start importing Assets/Tiles/Tailset_40.asset using Guid(2a5a08cb9a2b9a142ae7432d69ab97b7) Importer(815301076,1909f56bfc062723c751e8b465ee728b)  -> (artifact id: '78bf33a8bb8f71581aca4fa17df5f97f') in 0.017171 seconds 
========================================================================
Received Import Request.
  Time since last request: 0.403388 seconds.
  path: Assets/Tiles/Tailset_41.asset
  artifactKey: Guid(873534d6d4b60ce4bac216d309f030e1) Importer(815301076,1909f56bfc062723c751e8b465ee728b)
Start importing Assets/Tiles/Tailset_41.asset using Guid(873534d6d4b60ce4bac216d309f030e1) Importer(815301076,1909f56bfc062723c751e8b465ee728b)  -> (artifact id: 'e5221700c373a4f53fafebe6298d1159') in 0.005471 seconds 
========================================================================
Received Import Request.
  Time since last request: 0.030453 seconds.
  path: Assets/Tiles/Tailset_42.asset
  artifactKey: Guid(6a7799f53672d974e850cad2fa757b0d) Importer(815301076,1909f56bfc062723c751e8b465ee728b)
Start importing Assets/Tiles/Tailset_42.asset using Guid(6a7799f53672d974e850cad2fa757b0d) Importer(815301076,1909f56bfc062723c751e8b465ee728b)  -> (artifact id: '41314a6bfe73636d383b21d2121285f8') in 0.010884 seconds 
========================================================================
Received Import Request.
  Time since last request: 0.000021 seconds.
  path: Assets/Tiles/Tailset_43.asset
  artifactKey: Guid(dc364f5aec98dcc45a3db5d0f4646abc) Importer(815301076,1909f56bfc062723c751e8b465ee728b)
Start importing Assets/Tiles/Tailset_43.asset using Guid(dc364f5aec98dcc45a3db5d0f4646abc) Importer(815301076,1909f56bfc062723c751e8b465ee728b)  -> (artifact id: '4c317196745aa376aaef3773a9af905d') in 0.003477 seconds 
========================================================================
Received Import Request.
  Time since last request: 0.505090 seconds.
  path: Assets/Tiles/Tailset_44.asset
  artifactKey: Guid(415d3f5577a807c419ab4533ad18dde3) Importer(815301076,1909f56bfc062723c751e8b465ee728b)
Start importing Assets/Tiles/Tailset_44.asset using Guid(415d3f5577a807c419ab4533ad18dde3) Importer(815301076,1909f56bfc062723c751e8b465ee728b)  -> (artifact id: 'bbb6addd943f96c61152f904712c109d') in 0.004058 seconds 
========================================================================
Received Import Request.
  Time since last request: 0.034080 seconds.
  path: Assets/Tiles/Tailset_45.asset
  artifactKey: Guid(6281ec2d2261bc2478a4ed8f87be8eff) Importer(815301076,1909f56bfc062723c751e8b465ee728b)
Start importing Assets/Tiles/Tailset_45.asset using Guid(6281ec2d2261bc2478a4ed8f87be8eff) Importer(815301076,1909f56bfc062723c751e8b465ee728b)  -> (artifact id: '5fff6a27fef327fc77310f1e3ba4ae43') in 0.007235 seconds 
========================================================================
Received Import Request.
  Time since last request: 0.031455 seconds.
  path: Assets/Palette/Tailset_46.asset
  artifactKey: Guid(e0a5e777b5a48bc44acc52aacc8ad447) Importer(815301076,1909f56bfc062723c751e8b465ee728b)
Start importing Assets/Palette/Tailset_46.asset using Guid(e0a5e777b5a48bc44acc52aacc8ad447) Importer(815301076,1909f56bfc062723c751e8b465ee728b)  -> (artifact id: '565f6a87d39825164c31d23fb92e1c30') in 0.009118 seconds 
========================================================================
Received Import Request.
  Time since last request: 0.000015 seconds.
  path: Assets/Tiles/Tailset_46.asset
  artifactKey: Guid(8b34d7e270e0d9e4cb940e7f2dd4bbce) Importer(815301076,1909f56bfc062723c751e8b465ee728b)
Start importing Assets/Tiles/Tailset_46.asset using Guid(8b34d7e270e0d9e4cb940e7f2dd4bbce) Importer(815301076,1909f56bfc062723c751e8b465ee728b)  -> (artifact id: 'cb7fdf15defed27c61c76e37c16570e0') in 0.004311 seconds 
========================================================================
Received Import Request.
  Time since last request: 0.000015 seconds.
  path: Assets/Palette/Tailset_47.asset
  artifactKey: Guid(972a3640a28057d4cba08e527644796a) Importer(815301076,1909f56bfc062723c751e8b465ee728b)
Start importing Assets/Palette/Tailset_47.asset using Guid(972a3640a28057d4cba08e527644796a) Importer(815301076,1909f56bfc062723c751e8b465ee728b)  -> (artifact id: 'e938a087c67c073b363a257baa9fb688') in 0.003414 seconds 
========================================================================
Received Import Request.
  Time since last request: 0.000017 seconds.
  path: Assets/Tiles/Tailset_47.asset
  artifactKey: Guid(86fc02ade08955f4da8f3ff0ded76215) Importer(815301076,1909f56bfc062723c751e8b465ee728b)
Start importing Assets/Tiles/Tailset_47.asset using Guid(86fc02ade08955f4da8f3ff0ded76215) Importer(815301076,1909f56bfc062723c751e8b465ee728b)  -> (artifact id: '7c2f34672e6592c719851bd2ff0cd72b') in 0.004912 seconds 
========================================================================
Received Import Request.
  Time since last request: 0.371398 seconds.
  path: Assets/Palette/Tailset_48.asset
  artifactKey: Guid(09fe9a04283af2a45b4337a2efc14daf) Importer(815301076,1909f56bfc062723c751e8b465ee728b)
Start importing Assets/Palette/Tailset_48.asset using Guid(09fe9a04283af2a45b4337a2efc14daf) Importer(815301076,1909f56bfc062723c751e8b465ee728b)  -> (artifact id: 'a2541d6fa50b04262e8a03483ec82d6e') in 0.004480 seconds 
========================================================================
Received Import Request.
  Time since last request: 0.000018 seconds.
  path: Assets/Tiles/Tailset_48.asset
  artifactKey: Guid(d82ced8c3e791f64ca8b3d529e5bbd6f) Importer(815301076,1909f56bfc062723c751e8b465ee728b)
Start importing Assets/Tiles/Tailset_48.asset using Guid(d82ced8c3e791f64ca8b3d529e5bbd6f) Importer(815301076,1909f56bfc062723c751e8b465ee728b)  -> (artifact id: 'a30fac3a997ea13a9388ce307f3170a7') in 0.004116 seconds 
========================================================================
Received Import Request.
  Time since last request: 0.054205 seconds.
  path: Assets/Palette/Tailset_49.asset
  artifactKey: Guid(5c755efb16005c44caaf313283a35e5f) Importer(815301076,1909f56bfc062723c751e8b465ee728b)
Start importing Assets/Palette/Tailset_49.asset using Guid(5c755efb16005c44caaf313283a35e5f) Importer(815301076,1909f56bfc062723c751e8b465ee728b)  -> (artifact id: '1ee489d4fa3236fef7cc5354735ef0d5') in 0.009801 seconds 
========================================================================
Received Import Request.
  Time since last request: 0.000018 seconds.
  path: Assets/Palette/Tailset_50.asset
  artifactKey: Guid(fe3c923b30c28d148bcf2467a537e9db) Importer(815301076,1909f56bfc062723c751e8b465ee728b)
Start importing Assets/Palette/Tailset_50.asset using Guid(fe3c923b30c28d148bcf2467a537e9db) Importer(815301076,1909f56bfc062723c751e8b465ee728b)  -> (artifact id: '563f23f01a1f9797ae757c91f80b974f') in 0.007125 seconds 
========================================================================
Received Import Request.
  Time since last request: 0.000015 seconds.
  path: Assets/Tiles/Tailset_50.asset
  artifactKey: Guid(a234adf068687e3439d8cc9e2384f843) Importer(815301076,1909f56bfc062723c751e8b465ee728b)
Start importing Assets/Tiles/Tailset_50.asset using Guid(a234adf068687e3439d8cc9e2384f843) Importer(815301076,1909f56bfc062723c751e8b465ee728b)  -> (artifact id: 'd012bdd6efdea3de3971078a93696ea6') in 0.003235 seconds 
========================================================================
Received Import Request.
  Time since last request: 0.000021 seconds.
  path: Assets/Tiles/Tailset_49.asset
  artifactKey: Guid(0e32f18d4ee77ad4eaddbb34b05246c6) Importer(815301076,1909f56bfc062723c751e8b465ee728b)
Start importing Assets/Tiles/Tailset_49.asset using Guid(0e32f18d4ee77ad4eaddbb34b05246c6) Importer(815301076,1909f56bfc062723c751e8b465ee728b)  -> (artifact id: 'cac4e9628c926f290f93b89207e75607') in 0.008392 seconds 
========================================================================
Received Import Request.
  Time since last request: 0.440708 seconds.
  path: Assets/Palette/Tailset_51.asset
  artifactKey: Guid(6dc5590822334064a8faa5c56a89d5ac) Importer(815301076,1909f56bfc062723c751e8b465ee728b)
Start importing Assets/Palette/Tailset_51.asset using Guid(6dc5590822334064a8faa5c56a89d5ac) Importer(815301076,1909f56bfc062723c751e8b465ee728b)  -> (artifact id: '6161c7f25d9b612ae20314dcf02493da') in 0.003772 seconds 
========================================================================
Received Import Request.
  Time since last request: 0.000017 seconds.
  path: Assets/Tiles/Tailset_51.asset
  artifactKey: Guid(2cf5057df773fe24789a24a9bfc28731) Importer(815301076,1909f56bfc062723c751e8b465ee728b)
Start importing Assets/Tiles/Tailset_51.asset using Guid(2cf5057df773fe24789a24a9bfc28731) Importer(815301076,1909f56bfc062723c751e8b465ee728b)  -> (artifact id: 'bcdff99e9dc04f47e5845ee6cff4159b') in 0.004570 seconds 
========================================================================
Received Import Request.
  Time since last request: 0.054844 seconds.
  path: Assets/Palette/Tailset_52.asset
  artifactKey: Guid(af195aa5b27b382469128ce94879e7bf) Importer(815301076,1909f56bfc062723c751e8b465ee728b)
Start importing Assets/Palette/Tailset_52.asset using Guid(af195aa5b27b382469128ce94879e7bf) Importer(815301076,1909f56bfc062723c751e8b465ee728b)  -> (artifact id: '8a2871b70a5246afd9bada27c7bb3e72') in 0.003321 seconds 
========================================================================
Received Import Request.
  Time since last request: 0.000014 seconds.
  path: Assets/Palette/Tailset_53.asset
  artifactKey: Guid(16dad49faa61f9347b52c0440c6d2049) Importer(815301076,1909f56bfc062723c751e8b465ee728b)
Start importing Assets/Palette/Tailset_53.asset using Guid(16dad49faa61f9347b52c0440c6d2049) Importer(815301076,1909f56bfc062723c751e8b465ee728b)  -> (artifact id: 'abb44f025d3a5398d431a5df5e320bcf') in 0.003977 seconds 
========================================================================
Received Import Request.
  Time since last request: 0.000015 seconds.
  path: Assets/Tiles/Tailset_52.asset
  artifactKey: Guid(279c32f88f56b2c45a6a7ac72ccfe55b) Importer(815301076,1909f56bfc062723c751e8b465ee728b)
Start importing Assets/Tiles/Tailset_52.asset using Guid(279c32f88f56b2c45a6a7ac72ccfe55b) Importer(815301076,1909f56bfc062723c751e8b465ee728b)  -> (artifact id: '590afac293e310bcc5c98a6ec39b2b9c') in 0.002930 seconds 
========================================================================
Received Import Request.
  Time since last request: 0.000017 seconds.
  path: Assets/Tiles/Tailset_53.asset
  artifactKey: Guid(96a4001c6aa187f469ae5cf9dd898339) Importer(815301076,1909f56bfc062723c751e8b465ee728b)
Start importing Assets/Tiles/Tailset_53.asset using Guid(96a4001c6aa187f469ae5cf9dd898339) Importer(815301076,1909f56bfc062723c751e8b465ee728b)  -> (artifact id: 'd5e5dec4bc9bc8d722154eb9b5cfcb34') in 0.002987 seconds 
========================================================================
Received Import Request.
  Time since last request: 0.383915 seconds.
  path: Assets/Tiles/Tailset_54.asset
  artifactKey: Guid(4ca150ea367b38c44a00413bdbb35268) Importer(815301076,1909f56bfc062723c751e8b465ee728b)
Start importing Assets/Tiles/Tailset_54.asset using Guid(4ca150ea367b38c44a00413bdbb35268) Importer(815301076,1909f56bfc062723c751e8b465ee728b)  -> (artifact id: '9c12170c20b4b0f72679350203370fa4') in 0.003319 seconds 
========================================================================
Received Import Request.
  Time since last request: 0.000013 seconds.
  path: Assets/Palette/Tailset_54.asset
  artifactKey: Guid(c1db1fd19d921b54d9b55a9a64304803) Importer(815301076,1909f56bfc062723c751e8b465ee728b)
Start importing Assets/Palette/Tailset_54.asset using Guid(c1db1fd19d921b54d9b55a9a64304803) Importer(815301076,1909f56bfc062723c751e8b465ee728b)  -> (artifact id: '8fa8338ef1dbd447cfa9f34870642639') in 0.004271 seconds 
========================================================================
Received Import Request.
  Time since last request: 0.052917 seconds.
  path: Assets/Tiles/Tailset_55.asset
  artifactKey: Guid(0f1917c5b61eb144aa0cdda645bcb32b) Importer(815301076,1909f56bfc062723c751e8b465ee728b)
Start importing Assets/Tiles/Tailset_55.asset using Guid(0f1917c5b61eb144aa0cdda645bcb32b) Importer(815301076,1909f56bfc062723c751e8b465ee728b)  -> (artifact id: 'fbaed07047d1c3c1c1239fa2361a8182') in 0.003728 seconds 
========================================================================
Received Import Request.
  Time since last request: 0.000018 seconds.
  path: Assets/Palette/Tailset_56.asset
  artifactKey: Guid(da5190f2cc7773543bb32722960e3b8a) Importer(815301076,1909f56bfc062723c751e8b465ee728b)
Start importing Assets/Palette/Tailset_56.asset using Guid(da5190f2cc7773543bb32722960e3b8a) Importer(815301076,1909f56bfc062723c751e8b465ee728b)  -> (artifact id: 'd112cf90b8d2753ccd5e9b18881ee40a') in 0.003391 seconds 
========================================================================
Received Import Request.
  Time since last request: 0.000014 seconds.
  path: Assets/Palette/Tailset_55.asset
  artifactKey: Guid(3a2c3556cc67cb64daec92998f011137) Importer(815301076,1909f56bfc062723c751e8b465ee728b)
Start importing Assets/Palette/Tailset_55.asset using Guid(3a2c3556cc67cb64daec92998f011137) Importer(815301076,1909f56bfc062723c751e8b465ee728b)  -> (artifact id: '34aa1ac30e3aeddcb5135e449c59b6c0') in 0.003195 seconds 
========================================================================
Received Import Request.
  Time since last request: 0.000035 seconds.
  path: Assets/Tiles/Tailset_56.asset
  artifactKey: Guid(cedd2ab45dc514441aadc0756a1d75a4) Importer(815301076,1909f56bfc062723c751e8b465ee728b)
Start importing Assets/Tiles/Tailset_56.asset using Guid(cedd2ab45dc514441aadc0756a1d75a4) Importer(815301076,1909f56bfc062723c751e8b465ee728b)  -> (artifact id: '9a990935b7941105796c6fd1b7f06d15') in 0.003213 seconds 
========================================================================
Received Import Request.
  Time since last request: 0.034985 seconds.
  path: Assets/Palette/Tailset_57.asset
  artifactKey: Guid(a3eb071dcde54dd46b439b60a410d40c) Importer(815301076,1909f56bfc062723c751e8b465ee728b)
Start importing Assets/Palette/Tailset_57.asset using Guid(a3eb071dcde54dd46b439b60a410d40c) Importer(815301076,1909f56bfc062723c751e8b465ee728b)  -> (artifact id: 'df469596814801712e68d9001f03a3c8') in 0.003227 seconds 
========================================================================
Received Import Request.
  Time since last request: 0.000015 seconds.
  path: Assets/Tiles/Tailset_57.asset
  artifactKey: Guid(dfe390e093e81ed4e9d6dc6d1619e911) Importer(815301076,1909f56bfc062723c751e8b465ee728b)
Start importing Assets/Tiles/Tailset_57.asset using Guid(dfe390e093e81ed4e9d6dc6d1619e911) Importer(815301076,1909f56bfc062723c751e8b465ee728b)  -> (artifact id: '0dcd33b9c48c3984e516bc75afb3ea16') in 0.003191 seconds 
========================================================================
Received Prepare
Registering precompiled user dll's ...
Registered in 0.001974 seconds.
Begin MonoManager ReloadAssembly
Native extension for WindowsStandalone target not found
Native extension for WebGL target not found
Refreshing native plugins compatible for Editor in 0.87 ms, found 2 plugins.
Preloading 0 native plugins for Editor in 0.00 ms.
Mono: successfully reloaded assembly
- Completed reload, in  1.115 seconds
Domain Reload Profiling:
	ReloadAssembly (1115ms)
		BeginReloadAssembly (107ms)
			ExecutionOrderSort (0ms)
			DisableScriptedObjects (7ms)
			BackupInstance (0ms)
			ReleaseScriptingObjects (0ms)
			CreateAndSetChildDomain (33ms)
		EndReloadAssembly (922ms)
			LoadAssemblies (60ms)
			RebuildTransferFunctionScriptingTraits (0ms)
			SetupTypeCache (241ms)
			ReleaseScriptCaches (1ms)
			RebuildScriptCaches (74ms)
			SetupLoadedEditorAssemblies (454ms)
				LogAssemblyErrors (0ms)
				InitializePlatformSupportModulesInManaged (13ms)
				SetLoadedEditorAssemblies (0ms)
				RefreshPlugins (1ms)
				BeforeProcessingInitializeOnLoad (63ms)
				ProcessInitializeOnLoadAttributes (271ms)
				ProcessInitializeOnLoadMethodAttributes (103ms)
				AfterProcessingInitializeOnLoad (2ms)
				EditorAssembliesLoaded (0ms)
			ExecutionOrderSort2 (0ms)
			AwakeInstancesAfterBackupRestoration (8ms)
Platform modules already initialized, skipping
Shader 'WFX/Transparent Specular': fallback shader 'Particles/Alpha Blended' not found
Shader 'WFX/Transparent Diffuse': fallback shader 'Particles/Alpha Blended' not found
Refreshing native plugins compatible for Editor in 1.86 ms, found 2 plugins.
Preloading 0 native plugins for Editor in 0.00 ms.
Unloading 3597 Unused Serialized files (Serialized files now loaded: 0)
Unloading 22 unused Assets / (0.7 MB). Loaded Objects now: 4231.
Memory consumption went from 163.6 MB to 162.9 MB.
Total: 3.609400 ms (FindLiveObjects: 0.265500 ms CreateObjectMapping: 0.188000 ms MarkObjects: 2.685100 ms  DeleteObjects: 0.470100 ms)

AssetImportParameters requested are different than current active one (requested -> active):
  custom:video-decoder-ogg-theora: a1e56fd34408186e4bbccfd4996cb3dc -> 
  custom:container-muxer-webm: aa71ff27fc2769a1b78a27578f13a17b -> 
  custom:container-demuxer-webm: 4f35f7cbe854078d1ac9338744f61a02 -> 
  custom:video-encoder-webm-vp8: eb34c28f22e8b96e1ab97ce403110664 -> 
  custom:video-codec-MediaFoundation-h265: 746d11721c4dcdbdad8f713fa42b33f4 -> 
  custom:audio-encoder-webm-vorbis: bf7c407c2cedff20999df2af8eb42d56 -> 
  custom:framework-win-MediaFoundation: 216162199b28c13a410421893ffa2e32 -> 
  custom:container-demuxer-ogg: 62fdf1f143b41e24485cea50d1cbac27 -> 
  custom:video-decoder-webm-vp8: 9c59270c3fd7afecdb556c50c9e8de78 -> 
  custom:audio-decoder-ogg-vorbis: bf7c407c2cedff20999df2af8eb42d56 -> 
========================================================================
Received Prepare
Registering precompiled user dll's ...
Registered in 0.001920 seconds.
Begin MonoManager ReloadAssembly
Native extension for WindowsStandalone target not found
Native extension for WebGL target not found
Refreshing native plugins compatible for Editor in 0.77 ms, found 2 plugins.
Preloading 0 native plugins for Editor in 0.00 ms.
Mono: successfully reloaded assembly
- Completed reload, in  1.031 seconds
Domain Reload Profiling:
	ReloadAssembly (1032ms)
		BeginReloadAssembly (109ms)
			ExecutionOrderSort (0ms)
			DisableScriptedObjects (7ms)
			BackupInstance (0ms)
			ReleaseScriptingObjects (0ms)
			CreateAndSetChildDomain (32ms)
		EndReloadAssembly (835ms)
			LoadAssemblies (63ms)
			RebuildTransferFunctionScriptingTraits (0ms)
			SetupTypeCache (225ms)
			ReleaseScriptCaches (1ms)
			RebuildScriptCaches (45ms)
			SetupLoadedEditorAssemblies (434ms)
				LogAssemblyErrors (0ms)
				InitializePlatformSupportModulesInManaged (11ms)
				SetLoadedEditorAssemblies (0ms)
				RefreshPlugins (1ms)
				BeforeProcessingInitializeOnLoad (67ms)
				ProcessInitializeOnLoadAttributes (253ms)
				ProcessInitializeOnLoadMethodAttributes (100ms)
				AfterProcessingInitializeOnLoad (2ms)
				EditorAssembliesLoaded (0ms)
			ExecutionOrderSort2 (0ms)
			AwakeInstancesAfterBackupRestoration (8ms)
Platform modules already initialized, skipping
Shader 'WFX/Transparent Specular': fallback shader 'Particles/Alpha Blended' not found
Shader 'WFX/Transparent Diffuse': fallback shader 'Particles/Alpha Blended' not found
Refreshing native plugins compatible for Editor in 1.73 ms, found 2 plugins.
Preloading 0 native plugins for Editor in 0.00 ms.
Unloading 3597 Unused Serialized files (Serialized files now loaded: 0)
Unloading 22 unused Assets / (0.7 MB). Loaded Objects now: 4234.
Memory consumption went from 163.6 MB to 162.9 MB.
Total: 3.484000 ms (FindLiveObjects: 0.284200 ms CreateObjectMapping: 0.196800 ms MarkObjects: 2.679400 ms  DeleteObjects: 0.322600 ms)

AssetImportParameters requested are different than current active one (requested -> active):
  custom:video-decoder-ogg-theora: a1e56fd34408186e4bbccfd4996cb3dc -> 
  custom:container-muxer-webm: aa71ff27fc2769a1b78a27578f13a17b -> 
  custom:container-demuxer-webm: 4f35f7cbe854078d1ac9338744f61a02 -> 
  custom:video-encoder-webm-vp8: eb34c28f22e8b96e1ab97ce403110664 -> 
  custom:video-codec-MediaFoundation-h265: 746d11721c4dcdbdad8f713fa42b33f4 -> 
  custom:audio-encoder-webm-vorbis: bf7c407c2cedff20999df2af8eb42d56 -> 
  custom:framework-win-MediaFoundation: 216162199b28c13a410421893ffa2e32 -> 
  custom:container-demuxer-ogg: 62fdf1f143b41e24485cea50d1cbac27 -> 
  custom:video-decoder-webm-vp8: 9c59270c3fd7afecdb556c50c9e8de78 -> 
  custom:audio-decoder-ogg-vorbis: bf7c407c2cedff20999df2af8eb42d56 -> 
========================================================================
Received Prepare
Registering precompiled user dll's ...
Registered in 0.002050 seconds.
Begin MonoManager ReloadAssembly
Native extension for WindowsStandalone target not found
Native extension for WebGL target not found
Refreshing native plugins compatible for Editor in 0.79 ms, found 2 plugins.
Preloading 0 native plugins for Editor in 0.00 ms.
Mono: successfully reloaded assembly
- Completed reload, in  1.005 seconds
Domain Reload Profiling:
	ReloadAssembly (1006ms)
		BeginReloadAssembly (105ms)
			ExecutionOrderSort (0ms)
			DisableScriptedObjects (7ms)
			BackupInstance (0ms)
			ReleaseScriptingObjects (0ms)
			CreateAndSetChildDomain (32ms)
		EndReloadAssembly (814ms)
			LoadAssemblies (61ms)
			RebuildTransferFunctionScriptingTraits (0ms)
			SetupTypeCache (223ms)
			ReleaseScriptCaches (1ms)
			RebuildScriptCaches (45ms)
			SetupLoadedEditorAssemblies (430ms)
				LogAssemblyErrors (0ms)
				InitializePlatformSupportModulesInManaged (11ms)
				SetLoadedEditorAssemblies (0ms)
				RefreshPlugins (1ms)
				BeforeProcessingInitializeOnLoad (64ms)
				ProcessInitializeOnLoadAttributes (251ms)
				ProcessInitializeOnLoadMethodAttributes (101ms)
				AfterProcessingInitializeOnLoad (2ms)
				EditorAssembliesLoaded (0ms)
			ExecutionOrderSort2 (0ms)
			AwakeInstancesAfterBackupRestoration (8ms)
Platform modules already initialized, skipping
Shader 'WFX/Transparent Specular': fallback shader 'Particles/Alpha Blended' not found
Shader 'WFX/Transparent Diffuse': fallback shader 'Particles/Alpha Blended' not found
Refreshing native plugins compatible for Editor in 1.84 ms, found 2 plugins.
Preloading 0 native plugins for Editor in 0.00 ms.
Unloading 3597 Unused Serialized files (Serialized files now loaded: 0)
Unloading 22 unused Assets / (0.7 MB). Loaded Objects now: 4237.
Memory consumption went from 163.7 MB to 163.0 MB.
Total: 3.705500 ms (FindLiveObjects: 0.365800 ms CreateObjectMapping: 0.227500 ms MarkObjects: 2.762000 ms  DeleteObjects: 0.349200 ms)

AssetImportParameters requested are different than current active one (requested -> active):
  custom:video-decoder-ogg-theora: a1e56fd34408186e4bbccfd4996cb3dc -> 
  custom:container-muxer-webm: aa71ff27fc2769a1b78a27578f13a17b -> 
  custom:container-demuxer-webm: 4f35f7cbe854078d1ac9338744f61a02 -> 
  custom:video-encoder-webm-vp8: eb34c28f22e8b96e1ab97ce403110664 -> 
  custom:video-codec-MediaFoundation-h265: 746d11721c4dcdbdad8f713fa42b33f4 -> 
  custom:audio-encoder-webm-vorbis: bf7c407c2cedff20999df2af8eb42d56 -> 
  custom:framework-win-MediaFoundation: 216162199b28c13a410421893ffa2e32 -> 
  custom:container-demuxer-ogg: 62fdf1f143b41e24485cea50d1cbac27 -> 
  custom:video-decoder-webm-vp8: 9c59270c3fd7afecdb556c50c9e8de78 -> 
  custom:audio-decoder-ogg-vorbis: bf7c407c2cedff20999df2af8eb42d56 -> 
========================================================================
Received Prepare
Registering precompiled user dll's ...
Registered in 0.002057 seconds.
Begin MonoManager ReloadAssembly
Native extension for WindowsStandalone target not found
Native extension for WebGL target not found
Refreshing native plugins compatible for Editor in 0.76 ms, found 2 plugins.
Preloading 0 native plugins for Editor in 0.00 ms.
Mono: successfully reloaded assembly
- Completed reload, in  1.029 seconds
Domain Reload Profiling:
	ReloadAssembly (1029ms)
		BeginReloadAssembly (106ms)
			ExecutionOrderSort (0ms)
			DisableScriptedObjects (7ms)
			BackupInstance (0ms)
			ReleaseScriptingObjects (0ms)
			CreateAndSetChildDomain (31ms)
		EndReloadAssembly (836ms)
			LoadAssemblies (62ms)
			RebuildTransferFunctionScriptingTraits (0ms)
			SetupTypeCache (221ms)
			ReleaseScriptCaches (2ms)
			RebuildScriptCaches (45ms)
			SetupLoadedEditorAssemblies (452ms)
				LogAssemblyErrors (0ms)
				InitializePlatformSupportModulesInManaged (11ms)
				SetLoadedEditorAssemblies (0ms)
				RefreshPlugins (1ms)
				BeforeProcessingInitializeOnLoad (63ms)
				ProcessInitializeOnLoadAttributes (270ms)
				ProcessInitializeOnLoadMethodAttributes (103ms)
				AfterProcessingInitializeOnLoad (2ms)
				EditorAssembliesLoaded (0ms)
			ExecutionOrderSort2 (0ms)
			AwakeInstancesAfterBackupRestoration (8ms)
Platform modules already initialized, skipping
Shader 'WFX/Transparent Specular': fallback shader 'Particles/Alpha Blended' not found
Shader 'WFX/Transparent Diffuse': fallback shader 'Particles/Alpha Blended' not found
Refreshing native plugins compatible for Editor in 1.65 ms, found 2 plugins.
Preloading 0 native plugins for Editor in 0.00 ms.
Unloading 3597 Unused Serialized files (Serialized files now loaded: 0)
Unloading 22 unused Assets / (0.7 MB). Loaded Objects now: 4240.
Memory consumption went from 163.6 MB to 162.9 MB.
Total: 3.415500 ms (FindLiveObjects: 0.287200 ms CreateObjectMapping: 0.176500 ms MarkObjects: 2.643200 ms  DeleteObjects: 0.307800 ms)

AssetImportParameters requested are different than current active one (requested -> active):
  custom:video-decoder-ogg-theora: a1e56fd34408186e4bbccfd4996cb3dc -> 
  custom:container-muxer-webm: aa71ff27fc2769a1b78a27578f13a17b -> 
  custom:container-demuxer-webm: 4f35f7cbe854078d1ac9338744f61a02 -> 
  custom:video-encoder-webm-vp8: eb34c28f22e8b96e1ab97ce403110664 -> 
  custom:video-codec-MediaFoundation-h265: 746d11721c4dcdbdad8f713fa42b33f4 -> 
  custom:audio-encoder-webm-vorbis: bf7c407c2cedff20999df2af8eb42d56 -> 
  custom:framework-win-MediaFoundation: 216162199b28c13a410421893ffa2e32 -> 
  custom:container-demuxer-ogg: 62fdf1f143b41e24485cea50d1cbac27 -> 
  custom:video-decoder-webm-vp8: 9c59270c3fd7afecdb556c50c9e8de78 -> 
  custom:audio-decoder-ogg-vorbis: bf7c407c2cedff20999df2af8eb42d56 -> 
========================================================================
Received Prepare
Registering precompiled user dll's ...
Registered in 0.001988 seconds.
Begin MonoManager ReloadAssembly
Native extension for WindowsStandalone target not found
Native extension for WebGL target not found
Refreshing native plugins compatible for Editor in 0.76 ms, found 2 plugins.
Preloading 0 native plugins for Editor in 0.00 ms.
Mono: successfully reloaded assembly
- Completed reload, in  1.024 seconds
Domain Reload Profiling:
	ReloadAssembly (1024ms)
		BeginReloadAssembly (105ms)
			ExecutionOrderSort (0ms)
			DisableScriptedObjects (7ms)
			BackupInstance (0ms)
			ReleaseScriptingObjects (0ms)
			CreateAndSetChildDomain (31ms)
		EndReloadAssembly (833ms)
			LoadAssemblies (61ms)
			RebuildTransferFunctionScriptingTraits (0ms)
			SetupTypeCache (224ms)
			ReleaseScriptCaches (2ms)
			RebuildScriptCaches (46ms)
			SetupLoadedEditorAssemblies (448ms)
				LogAssemblyErrors (0ms)
				InitializePlatformSupportModulesInManaged (11ms)
				SetLoadedEditorAssemblies (0ms)
				RefreshPlugins (1ms)
				BeforeProcessingInitializeOnLoad (64ms)
				ProcessInitializeOnLoadAttributes (266ms)
				ProcessInitializeOnLoadMethodAttributes (102ms)
				AfterProcessingInitializeOnLoad (2ms)
				EditorAssembliesLoaded (0ms)
			ExecutionOrderSort2 (0ms)
			AwakeInstancesAfterBackupRestoration (8ms)
Platform modules already initialized, skipping
Shader 'WFX/Transparent Specular': fallback shader 'Particles/Alpha Blended' not found
Shader 'WFX/Transparent Diffuse': fallback shader 'Particles/Alpha Blended' not found
Refreshing native plugins compatible for Editor in 1.76 ms, found 2 plugins.
Preloading 0 native plugins for Editor in 0.00 ms.
Unloading 3597 Unused Serialized files (Serialized files now loaded: 0)
Unloading 22 unused Assets / (0.7 MB). Loaded Objects now: 4243.
Memory consumption went from 163.6 MB to 162.9 MB.
Total: 3.721200 ms (FindLiveObjects: 0.291400 ms CreateObjectMapping: 0.205800 ms MarkObjects: 2.886000 ms  DeleteObjects: 0.337000 ms)

AssetImportParameters requested are different than current active one (requested -> active):
  custom:video-decoder-ogg-theora: a1e56fd34408186e4bbccfd4996cb3dc -> 
  custom:container-muxer-webm: aa71ff27fc2769a1b78a27578f13a17b -> 
  custom:container-demuxer-webm: 4f35f7cbe854078d1ac9338744f61a02 -> 
  custom:video-encoder-webm-vp8: eb34c28f22e8b96e1ab97ce403110664 -> 
  custom:video-codec-MediaFoundation-h265: 746d11721c4dcdbdad8f713fa42b33f4 -> 
  custom:audio-encoder-webm-vorbis: bf7c407c2cedff20999df2af8eb42d56 -> 
  custom:framework-win-MediaFoundation: 216162199b28c13a410421893ffa2e32 -> 
  custom:container-demuxer-ogg: 62fdf1f143b41e24485cea50d1cbac27 -> 
  custom:video-decoder-webm-vp8: 9c59270c3fd7afecdb556c50c9e8de78 -> 
  custom:audio-decoder-ogg-vorbis: bf7c407c2cedff20999df2af8eb42d56 -> 
========================================================================
Received Prepare
Registering precompiled user dll's ...
Registered in 0.001943 seconds.
Begin MonoManager ReloadAssembly
Native extension for WindowsStandalone target not found
Native extension for WebGL target not found
Refreshing native plugins compatible for Editor in 0.77 ms, found 2 plugins.
Preloading 0 native plugins for Editor in 0.00 ms.
Mono: successfully reloaded assembly
- Completed reload, in  1.022 seconds
Domain Reload Profiling:
	ReloadAssembly (1023ms)
		BeginReloadAssembly (105ms)
			ExecutionOrderSort (0ms)
			DisableScriptedObjects (7ms)
			BackupInstance (0ms)
			ReleaseScriptingObjects (0ms)
			CreateAndSetChildDomain (30ms)
		EndReloadAssembly (828ms)
			LoadAssemblies (60ms)
			RebuildTransferFunctionScriptingTraits (0ms)
			SetupTypeCache (220ms)
			ReleaseScriptCaches (1ms)
			RebuildScriptCaches (45ms)
			SetupLoadedEditorAssemblies (446ms)
				LogAssemblyErrors (0ms)
				InitializePlatformSupportModulesInManaged (11ms)
				SetLoadedEditorAssemblies (0ms)
				RefreshPlugins (1ms)
				BeforeProcessingInitializeOnLoad (63ms)
				ProcessInitializeOnLoadAttributes (266ms)
				ProcessInitializeOnLoadMethodAttributes (102ms)
				AfterProcessingInitializeOnLoad (2ms)
				EditorAssembliesLoaded (0ms)
			ExecutionOrderSort2 (0ms)
			AwakeInstancesAfterBackupRestoration (8ms)
Platform modules already initialized, skipping
Shader 'WFX/Transparent Specular': fallback shader 'Particles/Alpha Blended' not found
Shader 'WFX/Transparent Diffuse': fallback shader 'Particles/Alpha Blended' not found
Refreshing native plugins compatible for Editor in 1.95 ms, found 2 plugins.
Preloading 0 native plugins for Editor in 0.00 ms.
Unloading 3597 Unused Serialized files (Serialized files now loaded: 0)
Unloading 22 unused Assets / (0.7 MB). Loaded Objects now: 4246.
Memory consumption went from 163.7 MB to 163.0 MB.
Total: 3.422100 ms (FindLiveObjects: 0.269100 ms CreateObjectMapping: 0.165900 ms MarkObjects: 2.676100 ms  DeleteObjects: 0.310100 ms)

AssetImportParameters requested are different than current active one (requested -> active):
  custom:video-decoder-ogg-theora: a1e56fd34408186e4bbccfd4996cb3dc -> 
  custom:container-muxer-webm: aa71ff27fc2769a1b78a27578f13a17b -> 
  custom:container-demuxer-webm: 4f35f7cbe854078d1ac9338744f61a02 -> 
  custom:video-encoder-webm-vp8: eb34c28f22e8b96e1ab97ce403110664 -> 
  custom:video-codec-MediaFoundation-h265: 746d11721c4dcdbdad8f713fa42b33f4 -> 
  custom:audio-encoder-webm-vorbis: bf7c407c2cedff20999df2af8eb42d56 -> 
  custom:framework-win-MediaFoundation: 216162199b28c13a410421893ffa2e32 -> 
  custom:container-demuxer-ogg: 62fdf1f143b41e24485cea50d1cbac27 -> 
  custom:video-decoder-webm-vp8: 9c59270c3fd7afecdb556c50c9e8de78 -> 
  custom:audio-decoder-ogg-vorbis: bf7c407c2cedff20999df2af8eb42d56 -> 
========================================================================
Received Prepare
Registering precompiled user dll's ...
Registered in 0.002122 seconds.
Begin MonoManager ReloadAssembly
Native extension for WindowsStandalone target not found
Native extension for WebGL target not found
Refreshing native plugins compatible for Editor in 0.93 ms, found 2 plugins.
Preloading 0 native plugins for Editor in 0.00 ms.
Mono: successfully reloaded assembly
- Completed reload, in  1.084 seconds
Domain Reload Profiling:
	ReloadAssembly (1084ms)
		BeginReloadAssembly (103ms)
			ExecutionOrderSort (0ms)
			DisableScriptedObjects (7ms)
			BackupInstance (0ms)
			ReleaseScriptingObjects (0ms)
			CreateAndSetChildDomain (30ms)
		EndReloadAssembly (895ms)
			LoadAssemblies (59ms)
			RebuildTransferFunctionScriptingTraits (0ms)
			SetupTypeCache (233ms)
			ReleaseScriptCaches (1ms)
			RebuildScriptCaches (73ms)
			SetupLoadedEditorAssemblies (444ms)
				LogAssemblyErrors (0ms)
				InitializePlatformSupportModulesInManaged (12ms)
				SetLoadedEditorAssemblies (1ms)
				RefreshPlugins (1ms)
				BeforeProcessingInitializeOnLoad (69ms)
				ProcessInitializeOnLoadAttributes (261ms)
				ProcessInitializeOnLoadMethodAttributes (98ms)
				AfterProcessingInitializeOnLoad (2ms)
				EditorAssembliesLoaded (0ms)
			ExecutionOrderSort2 (0ms)
			AwakeInstancesAfterBackupRestoration (8ms)
Platform modules already initialized, skipping
Shader 'WFX/Transparent Specular': fallback shader 'Particles/Alpha Blended' not found
Shader 'WFX/Transparent Diffuse': fallback shader 'Particles/Alpha Blended' not found
Refreshing native plugins compatible for Editor in 1.81 ms, found 2 plugins.
Preloading 0 native plugins for Editor in 0.00 ms.
Unloading 3597 Unused Serialized files (Serialized files now loaded: 0)
Unloading 22 unused Assets / (0.7 MB). Loaded Objects now: 4249.
Memory consumption went from 163.7 MB to 163.0 MB.
Total: 3.410200 ms (FindLiveObjects: 0.274600 ms CreateObjectMapping: 0.164500 ms MarkObjects: 2.650000 ms  DeleteObjects: 0.320000 ms)

AssetImportParameters requested are different than current active one (requested -> active):
  custom:video-decoder-ogg-theora: a1e56fd34408186e4bbccfd4996cb3dc -> 
  custom:container-muxer-webm: aa71ff27fc2769a1b78a27578f13a17b -> 
  custom:container-demuxer-webm: 4f35f7cbe854078d1ac9338744f61a02 -> 
  custom:video-encoder-webm-vp8: eb34c28f22e8b96e1ab97ce403110664 -> 
  custom:video-codec-MediaFoundation-h265: 746d11721c4dcdbdad8f713fa42b33f4 -> 
  custom:audio-encoder-webm-vorbis: bf7c407c2cedff20999df2af8eb42d56 -> 
  custom:framework-win-MediaFoundation: 216162199b28c13a410421893ffa2e32 -> 
  custom:container-demuxer-ogg: 62fdf1f143b41e24485cea50d1cbac27 -> 
  custom:video-decoder-webm-vp8: 9c59270c3fd7afecdb556c50c9e8de78 -> 
  custom:audio-decoder-ogg-vorbis: bf7c407c2cedff20999df2af8eb42d56 -> 
========================================================================
Received Prepare
Registering precompiled user dll's ...
Registered in 0.002202 seconds.
Begin MonoManager ReloadAssembly
Native extension for WindowsStandalone target not found
Native extension for WebGL target not found
Refreshing native plugins compatible for Editor in 0.86 ms, found 2 plugins.
Preloading 0 native plugins for Editor in 0.00 ms.
Mono: successfully reloaded assembly
- Completed reload, in  0.984 seconds
Domain Reload Profiling:
	ReloadAssembly (985ms)
		BeginReloadAssembly (104ms)
			ExecutionOrderSort (0ms)
			DisableScriptedObjects (7ms)
			BackupInstance (0ms)
			ReleaseScriptingObjects (0ms)
			CreateAndSetChildDomain (30ms)
		EndReloadAssembly (794ms)
			LoadAssemblies (61ms)
			RebuildTransferFunctionScriptingTraits (0ms)
			SetupTypeCache (219ms)
			ReleaseScriptCaches (1ms)
			RebuildScriptCaches (43ms)
			SetupLoadedEditorAssemblies (418ms)
				LogAssemblyErrors (0ms)
				InitializePlatformSupportModulesInManaged (11ms)
				SetLoadedEditorAssemblies (0ms)
				RefreshPlugins (1ms)
				BeforeProcessingInitializeOnLoad (62ms)
				ProcessInitializeOnLoadAttributes (244ms)
				ProcessInitializeOnLoadMethodAttributes (97ms)
				AfterProcessingInitializeOnLoad (2ms)
				EditorAssembliesLoaded (0ms)
			ExecutionOrderSort2 (0ms)
			AwakeInstancesAfterBackupRestoration (8ms)
Platform modules already initialized, skipping
Shader 'WFX/Transparent Specular': fallback shader 'Particles/Alpha Blended' not found
Shader 'WFX/Transparent Diffuse': fallback shader 'Particles/Alpha Blended' not found
Refreshing native plugins compatible for Editor in 1.81 ms, found 2 plugins.
Preloading 0 native plugins for Editor in 0.00 ms.
Unloading 3597 Unused Serialized files (Serialized files now loaded: 0)
Unloading 22 unused Assets / (0.7 MB). Loaded Objects now: 4252.
Memory consumption went from 163.6 MB to 162.9 MB.
Total: 3.823100 ms (FindLiveObjects: 0.293700 ms CreateObjectMapping: 0.230000 ms MarkObjects: 2.940200 ms  DeleteObjects: 0.357700 ms)

AssetImportParameters requested are different than current active one (requested -> active):
  custom:video-decoder-ogg-theora: a1e56fd34408186e4bbccfd4996cb3dc -> 
  custom:container-muxer-webm: aa71ff27fc2769a1b78a27578f13a17b -> 
  custom:container-demuxer-webm: 4f35f7cbe854078d1ac9338744f61a02 -> 
  custom:video-encoder-webm-vp8: eb34c28f22e8b96e1ab97ce403110664 -> 
  custom:video-codec-MediaFoundation-h265: 746d11721c4dcdbdad8f713fa42b33f4 -> 
  custom:audio-encoder-webm-vorbis: bf7c407c2cedff20999df2af8eb42d56 -> 
  custom:framework-win-MediaFoundation: 216162199b28c13a410421893ffa2e32 -> 
  custom:container-demuxer-ogg: 62fdf1f143b41e24485cea50d1cbac27 -> 
  custom:video-decoder-webm-vp8: 9c59270c3fd7afecdb556c50c9e8de78 -> 
  custom:audio-decoder-ogg-vorbis: bf7c407c2cedff20999df2af8eb42d56 -> 
========================================================================
Received Prepare
Registering precompiled user dll's ...
Registered in 0.001911 seconds.
Begin MonoManager ReloadAssembly
Native extension for WindowsStandalone target not found
Native extension for WebGL target not found
Refreshing native plugins compatible for Editor in 0.83 ms, found 2 plugins.
Preloading 0 native plugins for Editor in 0.00 ms.
Mono: successfully reloaded assembly
- Completed reload, in  1.000 seconds
Domain Reload Profiling:
	ReloadAssembly (1001ms)
		BeginReloadAssembly (101ms)
			ExecutionOrderSort (0ms)
			DisableScriptedObjects (7ms)
			BackupInstance (0ms)
			ReleaseScriptingObjects (0ms)
			CreateAndSetChildDomain (29ms)
		EndReloadAssembly (813ms)
			LoadAssemblies (57ms)
			RebuildTransferFunctionScriptingTraits (0ms)
			SetupTypeCache (220ms)
			ReleaseScriptCaches (1ms)
			RebuildScriptCaches (42ms)
			SetupLoadedEditorAssemblies (437ms)
				LogAssemblyErrors (0ms)
				InitializePlatformSupportModulesInManaged (11ms)
				SetLoadedEditorAssemblies (0ms)
				RefreshPlugins (1ms)
				BeforeProcessingInitializeOnLoad (63ms)
				ProcessInitializeOnLoadAttributes (253ms)
				ProcessInitializeOnLoadMethodAttributes (106ms)
				AfterProcessingInitializeOnLoad (3ms)
				EditorAssembliesLoaded (0ms)
			ExecutionOrderSort2 (0ms)
			AwakeInstancesAfterBackupRestoration (9ms)
Platform modules already initialized, skipping
Shader 'WFX/Transparent Specular': fallback shader 'Particles/Alpha Blended' not found
Shader 'WFX/Transparent Diffuse': fallback shader 'Particles/Alpha Blended' not found
Refreshing native plugins compatible for Editor in 1.84 ms, found 2 plugins.
Preloading 0 native plugins for Editor in 0.00 ms.
Unloading 3597 Unused Serialized files (Serialized files now loaded: 0)
Unloading 22 unused Assets / (0.7 MB). Loaded Objects now: 4255.
Memory consumption went from 163.6 MB to 162.9 MB.
Total: 3.667000 ms (FindLiveObjects: 0.279500 ms CreateObjectMapping: 0.175700 ms MarkObjects: 2.886000 ms  DeleteObjects: 0.324800 ms)

AssetImportParameters requested are different than current active one (requested -> active):
  custom:video-decoder-ogg-theora: a1e56fd34408186e4bbccfd4996cb3dc -> 
  custom:container-muxer-webm: aa71ff27fc2769a1b78a27578f13a17b -> 
  custom:container-demuxer-webm: 4f35f7cbe854078d1ac9338744f61a02 -> 
  custom:video-encoder-webm-vp8: eb34c28f22e8b96e1ab97ce403110664 -> 
  custom:video-codec-MediaFoundation-h265: 746d11721c4dcdbdad8f713fa42b33f4 -> 
  custom:audio-encoder-webm-vorbis: bf7c407c2cedff20999df2af8eb42d56 -> 
  custom:framework-win-MediaFoundation: 216162199b28c13a410421893ffa2e32 -> 
  custom:container-demuxer-ogg: 62fdf1f143b41e24485cea50d1cbac27 -> 
  custom:video-decoder-webm-vp8: 9c59270c3fd7afecdb556c50c9e8de78 -> 
  custom:audio-decoder-ogg-vorbis: bf7c407c2cedff20999df2af8eb42d56 -> 
========================================================================
Received Prepare
Registering precompiled user dll's ...
Registered in 0.001950 seconds.
Begin MonoManager ReloadAssembly
Native extension for WindowsStandalone target not found
Native extension for WebGL target not found
Refreshing native plugins compatible for Editor in 0.81 ms, found 2 plugins.
Preloading 0 native plugins for Editor in 0.00 ms.
Mono: successfully reloaded assembly
- Completed reload, in  1.011 seconds
Domain Reload Profiling:
	ReloadAssembly (1012ms)
		BeginReloadAssembly (101ms)
			ExecutionOrderSort (0ms)
			DisableScriptedObjects (7ms)
			BackupInstance (0ms)
			ReleaseScriptingObjects (0ms)
			CreateAndSetChildDomain (29ms)
		EndReloadAssembly (824ms)
			LoadAssemblies (56ms)
			RebuildTransferFunctionScriptingTraits (0ms)
			SetupTypeCache (222ms)
			ReleaseScriptCaches (2ms)
			RebuildScriptCaches (43ms)
			SetupLoadedEditorAssemblies (442ms)
				LogAssemblyErrors (0ms)
				InitializePlatformSupportModulesInManaged (11ms)
				SetLoadedEditorAssemblies (0ms)
				RefreshPlugins (1ms)
				BeforeProcessingInitializeOnLoad (62ms)
				ProcessInitializeOnLoadAttributes (260ms)
				ProcessInitializeOnLoadMethodAttributes (105ms)
				AfterProcessingInitializeOnLoad (2ms)
				EditorAssembliesLoaded (0ms)
			ExecutionOrderSort2 (0ms)
			AwakeInstancesAfterBackupRestoration (9ms)
Platform modules already initialized, skipping
Shader 'WFX/Transparent Specular': fallback shader 'Particles/Alpha Blended' not found
Shader 'WFX/Transparent Diffuse': fallback shader 'Particles/Alpha Blended' not found
Refreshing native plugins compatible for Editor in 1.69 ms, found 2 plugins.
Preloading 0 native plugins for Editor in 0.00 ms.
Unloading 3597 Unused Serialized files (Serialized files now loaded: 0)
Unloading 22 unused Assets / (0.7 MB). Loaded Objects now: 4258.
Memory consumption went from 163.7 MB to 163.0 MB.
Total: 3.657000 ms (FindLiveObjects: 0.285800 ms CreateObjectMapping: 0.253100 ms MarkObjects: 2.738900 ms  DeleteObjects: 0.378200 ms)

AssetImportParameters requested are different than current active one (requested -> active):
  custom:video-decoder-ogg-theora: a1e56fd34408186e4bbccfd4996cb3dc -> 
  custom:container-muxer-webm: aa71ff27fc2769a1b78a27578f13a17b -> 
  custom:container-demuxer-webm: 4f35f7cbe854078d1ac9338744f61a02 -> 
  custom:video-encoder-webm-vp8: eb34c28f22e8b96e1ab97ce403110664 -> 
  custom:video-codec-MediaFoundation-h265: 746d11721c4dcdbdad8f713fa42b33f4 -> 
  custom:audio-encoder-webm-vorbis: bf7c407c2cedff20999df2af8eb42d56 -> 
  custom:framework-win-MediaFoundation: 216162199b28c13a410421893ffa2e32 -> 
  custom:container-demuxer-ogg: 62fdf1f143b41e24485cea50d1cbac27 -> 
  custom:video-decoder-webm-vp8: 9c59270c3fd7afecdb556c50c9e8de78 -> 
  custom:audio-decoder-ogg-vorbis: bf7c407c2cedff20999df2af8eb42d56 -> 
========================================================================
Received Prepare
Registering precompiled user dll's ...
Registered in 0.001937 seconds.
Begin MonoManager ReloadAssembly
Native extension for WindowsStandalone target not found
Native extension for WebGL target not found
Refreshing native plugins compatible for Editor in 0.89 ms, found 2 plugins.
Preloading 0 native plugins for Editor in 0.00 ms.
Mono: successfully reloaded assembly
- Completed reload, in  1.005 seconds
Domain Reload Profiling:
	ReloadAssembly (1005ms)
		BeginReloadAssembly (102ms)
			ExecutionOrderSort (0ms)
			DisableScriptedObjects (7ms)
			BackupInstance (0ms)
			ReleaseScriptingObjects (0ms)
			CreateAndSetChildDomain (29ms)
		EndReloadAssembly (816ms)
			LoadAssemblies (56ms)
			RebuildTransferFunctionScriptingTraits (0ms)
			SetupTypeCache (219ms)
			ReleaseScriptCaches (1ms)
			RebuildScriptCaches (43ms)
			SetupLoadedEditorAssemblies (441ms)
				LogAssemblyErrors (0ms)
				InitializePlatformSupportModulesInManaged (11ms)
				SetLoadedEditorAssemblies (1ms)
				RefreshPlugins (1ms)
				BeforeProcessingInitializeOnLoad (61ms)
				ProcessInitializeOnLoadAttributes (259ms)
				ProcessInitializeOnLoadMethodAttributes (106ms)
				AfterProcessingInitializeOnLoad (2ms)
				EditorAssembliesLoaded (0ms)
			ExecutionOrderSort2 (0ms)
			AwakeInstancesAfterBackupRestoration (8ms)
Platform modules already initialized, skipping
Shader 'WFX/Transparent Specular': fallback shader 'Particles/Alpha Blended' not found
Shader 'WFX/Transparent Diffuse': fallback shader 'Particles/Alpha Blended' not found
Refreshing native plugins compatible for Editor in 1.97 ms, found 2 plugins.
Preloading 0 native plugins for Editor in 0.00 ms.
Unloading 3597 Unused Serialized files (Serialized files now loaded: 0)
Unloading 22 unused Assets / (0.7 MB). Loaded Objects now: 4261.
Memory consumption went from 163.7 MB to 163.0 MB.
Total: 3.768900 ms (FindLiveObjects: 0.274600 ms CreateObjectMapping: 0.176000 ms MarkObjects: 2.964600 ms  DeleteObjects: 0.352800 ms)

AssetImportParameters requested are different than current active one (requested -> active):
  custom:video-decoder-ogg-theora: a1e56fd34408186e4bbccfd4996cb3dc -> 
  custom:container-muxer-webm: aa71ff27fc2769a1b78a27578f13a17b -> 
  custom:container-demuxer-webm: 4f35f7cbe854078d1ac9338744f61a02 -> 
  custom:video-encoder-webm-vp8: eb34c28f22e8b96e1ab97ce403110664 -> 
  custom:video-codec-MediaFoundation-h265: 746d11721c4dcdbdad8f713fa42b33f4 -> 
  custom:audio-encoder-webm-vorbis: bf7c407c2cedff20999df2af8eb42d56 -> 
  custom:framework-win-MediaFoundation: 216162199b28c13a410421893ffa2e32 -> 
  custom:container-demuxer-ogg: 62fdf1f143b41e24485cea50d1cbac27 -> 
  custom:video-decoder-webm-vp8: 9c59270c3fd7afecdb556c50c9e8de78 -> 
  custom:audio-decoder-ogg-vorbis: bf7c407c2cedff20999df2af8eb42d56 -> 
